<?xml version="1.0" encoding="UTF-8"?>
<testng-results skipped="0" failed="0" ignored="0" total="0" passed="0">
  <reporter-output>
  </reporter-output>
  <suite name="com.exceldataaccess.AppTest" duration-ms="13" started-at="2017-11-17T10:18:43Z" finished-at="2017-11-17T10:18:43Z">
    <groups>
    </groups>
    <test name="Command line test" duration-ms="13" started-at="2017-11-17T10:18:43Z" finished-at="2017-11-17T10:18:43Z">
    </test> <!-- Command line test -->
  </suite> <!-- com.exceldataaccess.AppTest -->
</testng-results>
