<?xml version="1.0" encoding="UTF-8"?>
<testng-results skipped="0" failed="0" ignored="0" total="2" passed="2">
  <reporter-output>
  </reporter-output>
  <suite name="Default suite" duration-ms="21856" started-at="2017-11-21T11:10:38Z" finished-at="2017-11-21T11:11:00Z">
    <groups>
    </groups>
    <test name="Default test" duration-ms="21856" started-at="2017-11-21T11:10:38Z" finished-at="2017-11-21T11:11:00Z">
      <class name="com.exceldataaccess.App">
        <test-method status="PASS" signature="Loginscript(java.lang.String, java.lang.String)[pri:0, instance:com.exceldataaccess.App@3bfdc050]" name="Loginscript" duration-ms="11181" started-at="2017-11-21T16:40:40Z" data-provider="userdata" finished-at="2017-11-21T16:40:51Z">
          <params>
            <param index="0">
              <value>
                <![CDATA[ruchira.more@atmecs.com]]>
              </value>
            </param>
            <param index="1">
              <value>
                <![CDATA[ruchi@123]]>
              </value>
            </param>
          </params>
          <reporter-output>
          </reporter-output>
        </test-method> <!-- Loginscript -->
        <test-method status="PASS" signature="Loginscript(java.lang.String, java.lang.String)[pri:0, instance:com.exceldataaccess.App@3bfdc050]" name="Loginscript" duration-ms="8698" started-at="2017-11-21T16:40:51Z" data-provider="userdata" finished-at="2017-11-21T16:41:00Z">
          <params>
            <param index="0">
              <value>
                <![CDATA[abhijit.jadhav@atmecs.com]]>
              </value>
            </param>
            <param index="1">
              <value>
                <![CDATA[abhi@1234]]>
              </value>
            </param>
          </params>
          <reporter-output>
          </reporter-output>
        </test-method> <!-- Loginscript -->
        <test-method status="PASS" signature="close()[pri:0, instance:com.exceldataaccess.App@3bfdc050]" name="close" is-config="true" duration-ms="256" started-at="2017-11-21T16:41:00Z" finished-at="2017-11-21T16:41:00Z">
          <reporter-output>
          </reporter-output>
        </test-method> <!-- close -->
      </class> <!-- com.exceldataaccess.App -->
    </test> <!-- Default test -->
  </suite> <!-- Default suite -->
</testng-results>
